0 info it worked if it ends with ok
1 verbose cli [ '/Users/joestephens/.nvm/versions/node/v6.9.4/bin/node',
1 verbose cli   '/Users/joestephens/.nvm/versions/node/v6.9.4/bin/npm',
1 verbose cli   'run',
1 verbose cli   'test' ]
2 info using npm@3.10.10
3 info using node@v6.9.4
4 verbose run-script [ 'pretest', 'test', 'posttest' ]
5 info lifecycle cruise-ships@1.0.0~pretest: cruise-ships@1.0.0
6 silly lifecycle cruise-ships@1.0.0~pretest: no script for pretest, continuing
7 info lifecycle cruise-ships@1.0.0~test: cruise-ships@1.0.0
8 verbose lifecycle cruise-ships@1.0.0~test: unsafe-perm in lifecycle true
9 verbose lifecycle cruise-ships@1.0.0~test: PATH: /Users/joestephens/.nvm/versions/node/v6.9.4/lib/node_modules/npm/bin/node-gyp-bin:/Users/joestephens/Projects/cruise-ships/node_modules/.bin:/Users/joestephens/.local/bin:/Users/joestephens/.nvm/versions/node/v6.9.4/bin:/anaconda/bin:/Users/joestephens/.rvm/gems/ruby-2.3.0/bin:/Users/joestephens/.rvm/gems/ruby-2.3.0@global/bin:/Users/joestephens/.rvm/rubies/ruby-2.3.0/bin:/Users/joestephens/.rbenv/shims:/usr/bin:/bin:/usr/sbin:/sbin:/usr/local/bin:/Library/Frameworks/Python.framework/Versions/3.5/bin/nosetests:/Users/joestephens/.rvm/bin:/Users/joestephens/Library/Android/sdk/tools:/Users/joestephens/Library/Android/sdk/platform-tools:/usr/local/Cellar/node/7.8.0/bin
10 verbose lifecycle cruise-ships@1.0.0~test: CWD: /Users/joestephens/Projects/cruise-ships
11 silly lifecycle cruise-ships@1.0.0~test: Args: [ '-c', 'jest' ]
12 silly lifecycle cruise-ships@1.0.0~test: Returned: code: 1  signal: null
13 info lifecycle cruise-ships@1.0.0~test: Failed to exec test script
14 verbose stack Error: cruise-ships@1.0.0 test: `jest`
14 verbose stack Exit status 1
14 verbose stack     at EventEmitter.<anonymous> (/Users/joestephens/.nvm/versions/node/v6.9.4/lib/node_modules/npm/lib/utils/lifecycle.js:255:16)
14 verbose stack     at emitTwo (events.js:106:13)
14 verbose stack     at EventEmitter.emit (events.js:191:7)
14 verbose stack     at ChildProcess.<anonymous> (/Users/joestephens/.nvm/versions/node/v6.9.4/lib/node_modules/npm/lib/utils/spawn.js:40:14)
14 verbose stack     at emitTwo (events.js:106:13)
14 verbose stack     at ChildProcess.emit (events.js:191:7)
14 verbose stack     at maybeClose (internal/child_process.js:877:16)
14 verbose stack     at Process.ChildProcess._handle.onexit (internal/child_process.js:226:5)
15 verbose pkgid cruise-ships@1.0.0
16 verbose cwd /Users/joestephens/Projects/cruise-ships
17 error Darwin 16.6.0
18 error argv "/Users/joestephens/.nvm/versions/node/v6.9.4/bin/node" "/Users/joestephens/.nvm/versions/node/v6.9.4/bin/npm" "run" "test"
19 error node v6.9.4
20 error npm  v3.10.10
21 error code ELIFECYCLE
22 error cruise-ships@1.0.0 test: `jest`
22 error Exit status 1
23 error Failed at the cruise-ships@1.0.0 test script 'jest'.
23 error Make sure you have the latest version of node.js and npm installed.
23 error If you do, this is most likely a problem with the cruise-ships package,
23 error not with npm itself.
23 error Tell the author that this fails on your system:
23 error     jest
23 error You can get information on how to open an issue for this project with:
23 error     npm bugs cruise-ships
23 error Or if that isn't available, you can get their info via:
23 error     npm owner ls cruise-ships
23 error There is likely additional logging output above.
24 verbose exit [ 1, true ]
